<?xml version="1.0" encoding="utf-8"?><testsuites name="pytest tests"><testsuite name="pytest" errors="0" failures="5" skipped="0" tests="36" time="7.322" timestamp="2026-09-09T19:11:54.937890+00:00" hostname="agent-env-7c9c8805-fa68-43df-90ff-d9539dcee9c1"><testcase classname="tests.test_pastry_quin.TestAuth" name="test_login_bad_password" time="0.462" /><testcase classname="tests.test_pastry_quin.TestAuth" name="test_me" time="0.537" /><testcase classname="tests.test_pastry_quin.TestAuth" name="test_forgot_password_generic" time="0.166" /><testcase classname="tests.test_pastry_quin.TestAuth" name="test_unauth_me" time="0.164" /><testcase classname="tests.test_pastry_quin.TestCatalog" name="test_meta_orders" time="0.089" /><testcase classname="tests.test_pastry_quin.TestCatalog" name="test_flavors_seeded" time="0.081"><failure message="assert 404 == 200&#10; +  where 404 = &lt;Response [404]&gt;.status_code">backend/tests/test_pastry_quin.py:65: in test_flavors_seeded
    assert r.status_code == 200
E   assert 404 == 200
E    +  where 404 = &lt;Response [404]&gt;.status_code</failure></testcase><testcase classname="tests.test_pastry_quin.TestCatalog" name="test_add_flavor" time="0.079"><failure message="AssertionError: {&quot;detail&quot;:&quot;Not Found&quot;}&#10;assert 404 == 200&#10; +  where 404 = &lt;Response [404]&gt;.status_code">backend/tests/test_pastry_quin.py:71: in test_add_flavor
    assert r.status_code == 200, r.text
E   AssertionError: {"detail":"Not Found"}
E   assert 404 == 200
E    +  where 404 = &lt;Response [404]&gt;.status_code</failure></testcase><testcase classname="tests.test_pastry_quin.TestCatalog" name="test_update_flavor" time="0.000"><failure message="KeyError: 'flavor_id'">backend/tests/test_pastry_quin.py:77: in test_update_flavor
    fid = created["flavor_id"]
          ^^^^^^^^^^^^^^^^^^^^
E   KeyError: 'flavor_id'</failure></testcase><testcase classname="tests.test_pastry_quin.TestClients" name="test_create_client" time="0.100" /><testcase classname="tests.test_pastry_quin.TestClients" name="test_get_client" time="0.092" /><testcase classname="tests.test_pastry_quin.TestClients" name="test_list_clients" time="0.087" /><testcase classname="tests.test_pastry_quin.TestOrdersPayments" name="test_create_order_with_initial_payment" time="0.137" /><testcase classname="tests.test_pastry_quin.TestOrdersPayments" name="test_get_order_detail" time="0.089" /><testcase classname="tests.test_pastry_quin.TestOrdersPayments" name="test_record_second_payment" time="0.175" /><testcase classname="tests.test_pastry_quin.TestOrdersPayments" name="test_list_orders_category_filter" time="0.165" /><testcase classname="tests.test_pastry_quin.TestOrdersPayments" name="test_update_status_audit" time="0.167"><failure message="assert False&#10; +  where False = any(&lt;generator object TestOrdersPayments.test_update_status_audit.&lt;locals&gt;.&lt;genexpr&gt; at 0xfdc7306206d0&gt;)">backend/tests/test_pastry_quin.py:170: in test_update_status_audit
    assert any("Status" in a.get("title", "") for a in audits)
E   assert False
E    +  where False = any(&lt;generator object TestOrdersPayments.test_update_status_audit.&lt;locals&gt;.&lt;genexpr&gt; at 0xfdc7306206d0&gt;)</failure></testcase><testcase classname="tests.test_pastry_quin.TestImages" name="test_upload_final_design" time="0.350" /><testcase classname="tests.test_pastry_quin.TestImages" name="test_upload_reference" time="0.289" /><testcase classname="tests.test_pastry_quin.TestReceipts" name="test_get_receipt" time="0.097" /><testcase classname="tests.test_pastry_quin.TestReceipts" name="test_receipt_pdf" time="0.280" /><testcase classname="tests.test_pastry_quin.TestReceipts" name="test_email_no_email" time="0.329" /><testcase classname="tests.test_pastry_quin.TestDashSearch" name="test_dashboard" time="0.090" /><testcase classname="tests.test_pastry_quin.TestDashSearch" name="test_search" time="0.170" /><testcase classname="tests.test_pastry_quin.TestFeedback" name="test_add_feedback" time="0.217" /><testcase classname="tests.test_pastry_quin.TestNotifications" name="test_notifications_and_mark_read" time="0.171" /><testcase classname="tests.test_pastry_quin.TestSettingsStaff" name="test_settings_get" time="0.084" /><testcase classname="tests.test_pastry_quin.TestSettingsStaff" name="test_settings_update" time="0.197" /><testcase classname="tests.test_pastry_quin.TestSettingsStaff" name="test_staff_create_and_login" time="0.731" /><testcase classname="tests.test_pastry_quin.TestReports" name="test_reports" time="0.089"><failure message="assert 404 == 200&#10; +  where 404 = &lt;Response [404]&gt;.status_code">backend/tests/test_pastry_quin.py:298: in test_reports
    assert r.status_code == 200
E   assert 404 == 200
E    +  where 404 = &lt;Response [404]&gt;.status_code</failure></testcase><testcase classname="tests.test_pastry_quin.TestReports" name="test_export_orders_csv" time="0.091" /><testcase classname="tests.test_pastry_quin.TestArchive" name="test_client_archive_restore" time="0.189" /><testcase classname="tests.test_pastry_quin.TestArchive" name="test_order_archive" time="0.182" /><testcase classname="tests.test_pastry_quin.TestDeleteOrderClient" name="test_delete_client_with_orders_blocked" time="0.535" /><testcase classname="tests.test_pastry_quin.TestDeleteOrderClient" name="test_delete_order_cascades" time="0.339" /><testcase classname="tests.test_pastry_quin.TestDeleteOrderClient" name="test_delete_nonexistent_order" time="0.093" /><testcase classname="tests.test_pastry_quin.TestDeleteOrderClient" name="test_delete_nonexistent_client" time="0.087" /></testsuite></testsuites>